TN:
SF:controllers\admin.controller.js
FN:13,(anonymous_0)
FN:48,(anonymous_1)
FN:83,(anonymous_2)
FN:101,(anonymous_3)
FN:124,(anonymous_4)
FN:188,(anonymous_5)
FN:262,(anonymous_6)
FN:276,(anonymous_7)
FN:290,(anonymous_8)
FN:312,(anonymous_9)
FN:336,(anonymous_10)
FN:357,(anonymous_11)
FN:381,(anonymous_12)
FN:475,(anonymous_13)
FN:521,(anonymous_14)
FN:538,(anonymous_15)
FN:547,(anonymous_16)
FN:584,(anonymous_17)
FN:594,(anonymous_18)
FNF:19
FNH:2
FNDA:1,(anonymous_0)
FNDA:0,(anonymous_1)
FNDA:0,(anonymous_2)
FNDA:0,(anonymous_3)
FNDA:0,(anonymous_4)
FNDA:0,(anonymous_5)
FNDA:0,(anonymous_6)
FNDA:0,(anonymous_7)
FNDA:0,(anonymous_8)
FNDA:0,(anonymous_9)
FNDA:0,(anonymous_10)
FNDA:1,(anonymous_11)
FNDA:0,(anonymous_12)
FNDA:0,(anonymous_13)
FNDA:0,(anonymous_14)
FNDA:0,(anonymous_15)
FNDA:0,(anonymous_16)
FNDA:0,(anonymous_17)
FNDA:0,(anonymous_18)
DA:1,1
DA:2,1
DA:3,1
DA:4,1
DA:5,1
DA:6,1
DA:7,1
DA:8,1
DA:9,1
DA:10,1
DA:13,1
DA:14,1
DA:15,1
DA:16,1
DA:19,1
DA:20,1
DA:21,0
DA:28,1
DA:29,1
DA:32,1
DA:33,1
DA:35,1
DA:41,0
DA:48,1
DA:49,0
DA:50,0
DA:51,0
DA:52,0
DA:58,0
DA:59,0
DA:65,0
DA:66,0
DA:68,0
DA:76,0
DA:83,1
DA:84,0
DA:85,0
DA:86,0
DA:87,0
DA:89,0
DA:94,0
DA:101,1
DA:103,0
DA:104,0
DA:105,0
DA:106,0
DA:112,0
DA:118,0
DA:124,1
DA:125,0
DA:126,0
DA:127,0
DA:128,0
DA:129,0
DA:134,0
DA:177,0
DA:182,0
DA:188,1
DA:189,0
DA:190,0
DA:191,0
DA:193,0
DA:194,0
DA:199,0
DA:200,0
DA:206,0
DA:207,0
DA:210,0
DA:213,0
DA:248,0
DA:250,0
DA:256,0
DA:262,1
DA:263,0
DA:264,0
DA:265,0
DA:270,0
DA:276,1
DA:277,0
DA:278,0
DA:279,0
DA:284,0
DA:290,1
DA:291,0
DA:292,0
DA:293,0
DA:294,0
DA:299,0
DA:300,0
DA:301,0
DA:306,0
DA:312,1
DA:313,0
DA:314,0
DA:315,0
DA:316,0
DA:321,0
DA:322,0
DA:323,0
DA:329,0
DA:336,1
DA:337,0
DA:338,0
DA:339,0
DA:340,0
DA:345,0
DA:350,0
DA:357,1
DA:358,1
DA:359,1
DA:360,1
DA:361,1
DA:366,0
DA:371,0
DA:372,0
DA:381,1
DA:382,0
DA:383,0
DA:384,0
DA:385,0
DA:388,0
DA:389,0
DA:393,0
DA:394,0
DA:399,0
DA:400,0
DA:404,0
DA:405,0
DA:407,0
DA:408,0
DA:410,0
DA:411,0
DA:412,0
DA:414,0
DA:415,0
DA:416,0
DA:418,0
DA:419,0
DA:420,0
DA:422,0
DA:423,0
DA:424,0
DA:426,0
DA:427,0
DA:428,0
DA:430,0
DA:431,0
DA:433,0
DA:434,0
DA:435,0
DA:437,0
DA:438,0
DA:439,0
DA:441,0
DA:442,0
DA:443,0
DA:447,0
DA:448,0
DA:449,0
DA:451,0
DA:452,0
DA:456,0
DA:459,0
DA:460,0
DA:463,0
DA:464,0
DA:465,0
DA:467,0
DA:468,0
DA:472,0
DA:475,0
DA:476,0
DA:484,0
DA:485,0
DA:492,0
DA:493,0
DA:495,0
DA:499,0
DA:502,0
DA:506,0
DA:512,0
DA:513,0
DA:516,0
DA:517,0
DA:521,1
DA:522,0
DA:523,0
DA:526,0
DA:527,0
DA:531,0
DA:532,0
DA:534,0
DA:536,0
DA:539,0
DA:542,0
DA:543,0
DA:547,0
DA:548,0
DA:550,0
DA:551,0
DA:553,0
DA:555,0
DA:556,0
DA:559,0
DA:565,0
DA:573,0
DA:574,0
DA:582,0
DA:586,0
DA:589,0
DA:596,0
DA:597,0
DA:602,0
DA:603,0
LF:214
LH:38
BRDA:20,0,0,0
BRDA:20,0,1,1
BRDA:51,1,0,0
BRDA:51,1,1,0
BRDA:58,2,0,0
BRDA:58,2,1,0
BRDA:86,3,0,0
BRDA:86,3,1,0
BRDA:105,4,0,0
BRDA:105,4,1,0
BRDA:128,5,0,0
BRDA:128,5,1,0
BRDA:193,6,0,0
BRDA:193,6,1,0
BRDA:199,7,0,0
BRDA:199,7,1,0
BRDA:234,8,0,0
BRDA:234,8,1,0
BRDA:293,9,0,0
BRDA:293,9,1,0
BRDA:315,10,0,0
BRDA:315,10,1,0
BRDA:339,11,0,0
BRDA:339,11,1,0
BRDA:360,12,0,1
BRDA:360,12,1,0
BRDA:388,13,0,0
BRDA:388,13,1,0
BRDA:388,14,0,0
BRDA:388,14,1,0
BRDA:388,14,2,0
BRDA:400,15,0,0
BRDA:400,15,1,0
BRDA:400,16,0,0
BRDA:400,16,1,0
BRDA:405,17,0,0
BRDA:405,17,1,0
BRDA:405,17,2,0
BRDA:405,17,3,0
BRDA:405,17,4,0
BRDA:405,17,5,0
BRDA:405,17,6,0
BRDA:405,17,7,0
BRDA:405,17,8,0
BRDA:430,18,0,0
BRDA:430,18,1,0
BRDA:448,19,0,0
BRDA:448,19,1,0
BRDA:448,20,0,0
BRDA:448,20,1,0
BRDA:448,20,2,0
BRDA:451,21,0,0
BRDA:451,21,1,0
BRDA:464,22,0,0
BRDA:464,22,1,0
BRDA:464,23,0,0
BRDA:464,23,1,0
BRDA:464,23,2,0
BRDA:467,24,0,0
BRDA:467,24,1,0
BRDA:484,25,0,0
BRDA:484,25,1,0
BRDA:484,26,0,0
BRDA:484,26,1,0
BRDA:484,26,2,0
BRDA:488,27,0,0
BRDA:488,27,1,0
BRDA:489,28,0,0
BRDA:489,28,1,0
BRDA:492,29,0,0
BRDA:492,29,1,0
BRDA:493,30,0,0
BRDA:493,30,1,0
BRDA:526,31,0,0
BRDA:526,31,1,0
BRDA:526,32,0,0
BRDA:526,32,1,0
BRDA:542,33,0,0
BRDA:542,33,1,0
BRDA:542,34,0,0
BRDA:542,34,1,0
BRDA:553,35,0,0
BRDA:553,35,1,0
BRF:83
BRH:2
end_of_record
TN:
SF:controllers\student.controller.js
FN:19,(anonymous_0)
FN:160,(anonymous_1)
FN:190,(anonymous_2)
FN:215,(anonymous_3)
FN:224,(anonymous_4)
FN:232,(anonymous_5)
FN:244,(anonymous_6)
FN:254,(anonymous_7)
FN:265,(anonymous_8)
FN:277,(anonymous_9)
FN:320,(anonymous_10)
FN:377,(anonymous_11)
FN:426,(anonymous_12)
FN:507,(anonymous_13)
FN:539,(anonymous_14)
FN:558,(anonymous_15)
FN:688,(anonymous_16)
FN:715,(anonymous_17)
FN:725,(anonymous_18)
FN:735,(anonymous_19)
FN:745,(anonymous_20)
FN:755,(anonymous_21)
FN:766,(anonymous_22)
FN:784,(anonymous_23)
FN:800,(anonymous_24)
FN:805,(anonymous_25)
FN:826,(anonymous_26)
FN:835,(anonymous_27)
FN:878,(anonymous_28)
FN:897,(anonymous_29)
FN:905,(anonymous_30)
FN:925,(anonymous_31)
FN:938,(anonymous_32)
FN:973,(anonymous_33)
FN:1014,(anonymous_34)
FN:1073,(anonymous_35)
FNF:36
FNH:2
FNDA:4,(anonymous_0)
FNDA:0,(anonymous_1)
FNDA:0,(anonymous_2)
FNDA:2,(anonymous_3)
FNDA:0,(anonymous_4)
FNDA:0,(anonymous_5)
FNDA:0,(anonymous_6)
FNDA:0,(anonymous_7)
FNDA:0,(anonymous_8)
FNDA:0,(anonymous_9)
FNDA:0,(anonymous_10)
FNDA:0,(anonymous_11)
FNDA:0,(anonymous_12)
FNDA:0,(anonymous_13)
FNDA:0,(anonymous_14)
FNDA:0,(anonymous_15)
FNDA:0,(anonymous_16)
FNDA:0,(anonymous_17)
FNDA:0,(anonymous_18)
FNDA:0,(anonymous_19)
FNDA:0,(anonymous_20)
FNDA:0,(anonymous_21)
FNDA:0,(anonymous_22)
FNDA:0,(anonymous_23)
FNDA:0,(anonymous_24)
FNDA:0,(anonymous_25)
FNDA:0,(anonymous_26)
FNDA:0,(anonymous_27)
FNDA:0,(anonymous_28)
FNDA:0,(anonymous_29)
FNDA:0,(anonymous_30)
FNDA:0,(anonymous_31)
FNDA:0,(anonymous_32)
FNDA:0,(anonymous_33)
FNDA:0,(anonymous_34)
FNDA:0,(anonymous_35)
DA:1,2
DA:2,2
DA:3,2
DA:4,2
DA:5,2
DA:6,2
DA:7,2
DA:8,2
DA:9,2
DA:11,2
DA:12,2
DA:14,2
DA:15,2
DA:17,2
DA:19,2
DA:20,4
DA:21,4
DA:22,4
DA:23,4
DA:24,0
DA:26,4
DA:27,4
DA:28,3
DA:30,1
DA:32,1
DA:47,1
DA:48,1
DA:49,0
DA:50,0
DA:51,0
DA:152,0
DA:156,1
DA:160,2
DA:161,0
DA:162,0
DA:163,0
DA:164,0
DA:168,0
DA:169,0
DA:170,0
DA:172,0
DA:173,0
DA:174,0
DA:176,0
DA:177,0
DA:179,0
DA:181,0
DA:183,0
DA:184,0
DA:186,0
DA:190,2
DA:191,0
DA:192,0
DA:193,0
DA:194,0
DA:195,0
DA:197,0
DA:200,0
DA:201,0
DA:203,0
DA:204,0
DA:205,0
DA:207,0
DA:208,0
DA:209,0
DA:211,0
DA:215,2
DA:216,2
DA:217,2
DA:218,2
DA:220,0
DA:224,2
DA:225,0
DA:226,0
DA:227,0
DA:229,0
DA:232,2
DA:233,0
DA:234,0
DA:237,0
DA:238,0
DA:239,0
DA:240,0
DA:244,2
DA:245,0
DA:246,0
DA:247,0
DA:249,0
DA:254,2
DA:255,0
DA:256,0
DA:259,0
DA:260,0
DA:261,0
DA:262,0
DA:265,2
DA:266,0
DA:267,0
DA:268,0
DA:270,0
DA:277,2
DA:278,0
DA:279,0
DA:281,0
DA:282,0
DA:285,0
DA:287,0
DA:288,0
DA:291,0
DA:292,0
DA:297,0
DA:298,0
DA:303,0
DA:304,0
DA:311,0
DA:313,0
DA:314,0
DA:320,2
DA:327,0
DA:332,0
DA:337,0
DA:377,2
DA:378,0
DA:379,0
DA:380,0
DA:381,0
DA:383,0
DA:384,0
DA:387,0
DA:388,0
DA:389,0
DA:392,0
DA:393,0
DA:396,0
DA:397,0
DA:405,0
DA:406,0
DA:407,0
DA:408,0
DA:416,0
DA:417,0
DA:419,0
DA:425,0
DA:426,0
DA:427,0
DA:428,0
DA:429,0
DA:433,0
DA:438,0
DA:440,0
DA:441,0
DA:445,0
DA:492,0
DA:502,0
DA:503,0
DA:507,2
DA:508,0
DA:509,0
DA:510,0
DA:513,0
DA:514,0
DA:515,0
DA:521,0
DA:524,0
DA:526,0
DA:532,0
DA:533,0
DA:539,2
DA:540,0
DA:541,0
DA:542,0
DA:543,0
DA:544,0
DA:545,0
DA:546,0
DA:547,0
DA:548,0
DA:549,0
DA:550,0
DA:551,0
DA:552,0
DA:554,0
DA:558,2
DA:559,0
DA:560,0
DA:561,0
DA:563,0
DA:564,0
DA:568,0
DA:569,0
DA:572,0
DA:575,0
DA:677,0
DA:684,0
DA:688,2
DA:689,0
DA:690,0
DA:693,0
DA:695,0
DA:700,0
DA:701,0
DA:705,0
DA:706,0
DA:707,0
DA:708,0
DA:710,0
DA:712,0
DA:715,2
DA:716,0
DA:717,0
DA:720,0
DA:721,0
DA:722,0
DA:723,0
DA:725,2
DA:726,0
DA:727,0
DA:730,0
DA:731,0
DA:732,0
DA:733,0
DA:735,2
DA:736,0
DA:737,0
DA:740,0
DA:741,0
DA:742,0
DA:743,0
DA:745,2
DA:746,0
DA:747,0
DA:750,0
DA:751,0
DA:752,0
DA:753,0
DA:755,2
DA:756,0
DA:757,0
DA:760,0
DA:761,0
DA:762,0
DA:763,0
DA:766,2
DA:767,0
DA:768,0
DA:769,0
DA:778,0
DA:780,0
DA:784,2
DA:785,0
DA:786,0
DA:788,0
DA:789,0
DA:790,0
DA:794,0
DA:796,0
DA:798,0
DA:799,0
DA:800,0
DA:801,0
DA:805,0
DA:811,0
DA:818,0
DA:819,0
DA:826,2
DA:827,0
DA:828,0
DA:829,0
DA:831,0
DA:832,0
DA:835,0
DA:840,0
DA:842,0
DA:854,0
DA:861,0
DA:867,0
DA:868,0
DA:878,2
DA:879,0
DA:880,0
DA:881,0
DA:884,0
DA:891,0
DA:893,0
DA:896,0
DA:897,0
DA:898,0
DA:902,0
DA:905,0
DA:911,0
DA:916,0
DA:917,0
DA:925,2
DA:926,0
DA:927,0
DA:928,0
DA:930,0
DA:931,0
DA:934,0
DA:935,0
DA:938,0
DA:943,0
DA:956,0
DA:962,0
DA:963,0
DA:973,2
DA:974,0
DA:975,0
DA:977,0
DA:979,0
DA:980,0
DA:986,0
DA:988,0
DA:996,0
DA:998,0
DA:1005,0
DA:1006,0
DA:1014,2
DA:1015,0
DA:1016,0
DA:1017,0
DA:1019,0
DA:1021,0
DA:1022,0
DA:1023,0
DA:1028,0
DA:1029,0
DA:1034,0
DA:1035,0
DA:1036,0
DA:1037,0
DA:1038,0
DA:1039,0
DA:1040,0
DA:1041,0
DA:1042,0
DA:1043,0
DA:1044,0
DA:1046,0
DA:1047,0
DA:1057,0
DA:1064,0
DA:1065,0
DA:1073,2
DA:1074,0
DA:1075,0
DA:1077,0
DA:1078,0
DA:1080,0
DA:1087,0
DA:1088,0
LF:351
LH:58
BRDA:23,0,0,0
BRDA:23,0,1,4
BRDA:27,1,0,3
BRDA:27,1,1,1
BRDA:163,2,0,0
BRDA:163,2,1,0
BRDA:169,3,0,0
BRDA:169,3,1,0
BRDA:169,4,0,0
BRDA:169,4,1,0
BRDA:173,5,0,0
BRDA:173,5,1,0
BRDA:183,6,0,0
BRDA:183,6,1,0
BRDA:194,7,0,0
BRDA:194,7,1,0
BRDA:200,8,0,0
BRDA:200,8,1,0
BRDA:204,9,0,0
BRDA:204,9,1,0
BRDA:226,10,0,0
BRDA:226,10,1,0
BRDA:233,11,0,0
BRDA:233,11,1,0
BRDA:255,12,0,0
BRDA:255,12,1,0
BRDA:281,13,0,0
BRDA:281,13,1,0
BRDA:287,14,0,0
BRDA:287,14,1,0
BRDA:291,15,0,0
BRDA:291,15,1,0
BRDA:297,16,0,0
BRDA:297,16,1,0
BRDA:303,17,0,0
BRDA:303,17,1,0
BRDA:383,18,0,0
BRDA:383,18,1,0
BRDA:388,19,0,0
BRDA:388,19,1,0
BRDA:396,20,0,0
BRDA:396,20,1,0
BRDA:396,21,0,0
BRDA:396,21,1,0
BRDA:407,22,0,0
BRDA:407,22,1,0
BRDA:407,23,0,0
BRDA:407,23,1,0
BRDA:425,24,0,0
BRDA:425,24,1,0
BRDA:425,25,0,0
BRDA:425,25,1,0
BRDA:427,26,0,0
BRDA:427,26,1,0
BRDA:440,27,0,0
BRDA:440,27,1,0
BRDA:479,28,0,0
BRDA:479,28,1,0
BRDA:514,29,0,0
BRDA:514,29,1,0
BRDA:563,30,0,0
BRDA:563,30,1,0
BRDA:700,31,0,0
BRDA:700,31,1,0
BRDA:716,32,0,0
BRDA:716,32,1,0
BRDA:726,33,0,0
BRDA:726,33,1,0
BRDA:736,34,0,0
BRDA:736,34,1,0
BRDA:746,35,0,0
BRDA:746,35,1,0
BRDA:756,36,0,0
BRDA:756,36,1,0
BRDA:799,37,0,0
BRDA:799,37,1,0
BRDA:808,38,0,0
BRDA:808,38,1,0
BRDA:814,39,0,0
BRDA:814,39,1,0
BRDA:815,40,0,0
BRDA:815,40,1,0
BRDA:831,41,0,0
BRDA:831,41,1,0
BRDA:831,42,0,0
BRDA:831,42,1,0
BRDA:896,43,0,0
BRDA:896,43,1,0
BRDA:902,44,0,0
BRDA:902,44,1,0
BRDA:908,45,0,0
BRDA:908,45,1,0
BRDA:930,46,0,0
BRDA:930,46,1,0
BRDA:930,47,0,0
BRDA:930,47,1,0
BRDA:934,48,0,0
BRDA:934,48,1,0
BRDA:934,49,0,0
BRDA:934,49,1,0
BRDA:979,50,0,0
BRDA:979,50,1,0
BRDA:1002,51,0,0
BRDA:1002,51,1,0
BRDA:1022,52,0,0
BRDA:1022,52,1,0
BRDA:1028,53,0,0
BRDA:1028,53,1,0
BRDA:1028,54,0,0
BRDA:1028,54,1,0
BRDA:1035,55,0,0
BRDA:1035,55,1,0
BRDA:1037,56,0,0
BRDA:1037,56,1,0
BRDA:1039,57,0,0
BRDA:1039,57,1,0
BRDA:1041,58,0,0
BRDA:1041,58,1,0
BRDA:1043,59,0,0
BRDA:1043,59,1,0
BRF:120
BRH:3
end_of_record
TN:
SF:libs\nodemailer.js
FN:12,sendEmail
FNF:1
FNH:0
FNDA:0,sendEmail
DA:1,1
DA:3,1
DA:14,0
DA:16,0
DA:25,0
DA:26,0
DA:28,0
DA:32,1
LF:8
LH:3
BRF:0
BRH:0
end_of_record
TN:
SF:models\abetQuestionStudent.model.js
FNF:0
FNH:0
DA:1,2
DA:3,2
DA:11,2
LF:3
LH:3
BRF:0
BRH:0
end_of_record
TN:
SF:models\admin.model.js
FN:22,(anonymous_0)
FN:28,(anonymous_1)
FN:33,(anonymous_2)
FNF:3
FNH:0
FNDA:0,(anonymous_0)
FNDA:0,(anonymous_1)
FNDA:0,(anonymous_2)
DA:1,1
DA:2,1
DA:3,1
DA:5,1
DA:22,1
DA:23,0
DA:24,0
DA:28,1
DA:29,0
DA:33,1
DA:34,0
DA:37,1
DA:39,1
LF:13
LH:9
BRF:0
BRH:0
end_of_record
TN:
SF:models\blacklist.model.js
FNF:0
FNH:0
DA:1,2
DA:3,2
DA:15,2
LF:3
LH:3
BRF:0
BRH:0
end_of_record
TN:
SF:models\feedbackQuestionStudent.model.js
FNF:0
FNH:0
DA:1,2
DA:3,2
DA:11,2
LF:3
LH:3
BRF:0
BRH:0
end_of_record
TN:
SF:models\feedbackStudent.model.js
FNF:0
FNH:0
DA:1,2
DA:3,2
DA:34,2
LF:3
LH:3
BRF:0
BRH:0
end_of_record
TN:
SF:models\feedbackStudentAbet.model.js
FNF:0
FNH:0
DA:1,2
DA:3,2
DA:36,2
LF:3
LH:3
BRF:0
BRH:0
end_of_record
TN:
SF:models\fortnightly.model.js
FNF:0
FNH:0
DA:1,2
DA:2,2
DA:4,2
DA:43,2
LF:4
LH:4
BRF:0
BRH:0
end_of_record
TN:
SF:models\futurePlanStudent.model.js
FNF:0
FNH:0
DA:1,2
DA:3,2
DA:52,2
LF:3
LH:3
BRF:0
BRH:0
end_of_record
TN:
SF:models\student.model.js
FN:153,(anonymous_0)
FN:160,(anonymous_1)
FN:165,(anonymous_2)
FN:169,(anonymous_3)
FNF:4
FNH:0
FNDA:0,(anonymous_0)
FNDA:0,(anonymous_1)
FNDA:0,(anonymous_2)
FNDA:0,(anonymous_3)
DA:1,1
DA:2,1
DA:3,1
DA:4,1
DA:5,1
DA:6,1
DA:8,1
DA:153,1
DA:154,0
DA:155,0
DA:156,0
DA:157,0
DA:160,1
DA:161,0
DA:162,0
DA:165,1
DA:166,0
DA:169,1
DA:170,0
DA:173,1
LF:20
LH:12
BRF:0
BRH:0
end_of_record
